2025-10-23 23:53:32 [1761281597915] START RequestId: bac33f99-75d6-43d1-a870-a7f271cd2d7d Version: $LATEST
2025-10-23 23:53:32 [1761281597915] END RequestId: bac33f99-75d6-43d1-a870-a7f271cd2d7d
2025-10-23 23:53:32 [1761281597915] REPORT RequestId: bac33f99-75d6-43d1-a870-a7f271cd2d7d	Duration: 1.39 ms	Billed Duration: 2 ms	Memory Size: 128 MB	Max Memory Used: 128 MB
2025-10-23 23:53:32 [1761281597973] START RequestId: 50316ce8-2925-412e-b29e-61d036a15d30 Version: $LATEST
2025-10-23 23:53:32 [1761281597973] END RequestId: 50316ce8-2925-412e-b29e-61d036a15d30
2025-10-23 23:53:32 [1761281597973] REPORT RequestId: 50316ce8-2925-412e-b29e-61d036a15d30	Duration: 1.17 ms	Billed Duration: 2 ms	Memory Size: 128 MB	Max Memory Used: 128 MB
2025-10-23 23:53:32 [1761281597997] START RequestId: 34d78ad9-e228-4201-b1ec-e4782006dc33 Version: $LATEST
2025-10-23 23:53:32 [1761281597997] END RequestId: 34d78ad9-e228-4201-b1ec-e4782006dc33
2025-10-23 23:53:32 [1761281597997] REPORT RequestId: 34d78ad9-e228-4201-b1ec-e4782006dc33	Duration: 1.10 ms	Billed Duration: 2 ms	Memory Size: 128 MB	Max Memory Used: 128 MB
2025-10-23 23:53:36 [1761281597915] START RequestId: bac33f99-75d6-43d1-a870-a7f271cd2d7d Version: $LATEST
2025-10-23 23:53:36 [1761281597915] END RequestId: bac33f99-75d6-43d1-a870-a7f271cd2d7d
2025-10-23 23:53:36 [1761281597915] REPORT RequestId: bac33f99-75d6-43d1-a870-a7f271cd2d7d	Duration: 1.39 ms	Billed Duration: 2 ms	Memory Size: 128 MB	Max Memory Used: 128 MB
2025-10-23 23:53:36 [1761281597973] START RequestId: 50316ce8-2925-412e-b29e-61d036a15d30 Version: $LATEST
2025-10-23 23:53:36 [1761281597973] END RequestId: 50316ce8-2925-412e-b29e-61d036a15d30
2025-10-23 23:53:36 [1761281597973] REPORT RequestId: 50316ce8-2925-412e-b29e-61d036a15d30	Duration: 1.17 ms	Billed Duration: 2 ms	Memory Size: 128 MB	Max Memory Used: 128 MB
2025-10-23 23:53:36 [1761281597997] START RequestId: 34d78ad9-e228-4201-b1ec-e4782006dc33 Version: $LATEST
2025-10-23 23:53:36 [1761281597997] END RequestId: 34d78ad9-e228-4201-b1ec-e4782006dc33
2025-10-23 23:53:36 [1761281597997] REPORT RequestId: 34d78ad9-e228-4201-b1ec-e4782006dc33	Duration: 1.10 ms	Billed Duration: 2 ms	Memory Size: 128 MB	Max Memory Used: 128 MB
2025-10-23 23:53:36 [1761281615853] START RequestId: 1b61faa4-da21-4c56-b6ce-ec1f52397e40 Version: $LATEST
2025-10-23 23:53:36 [1761281615853] END RequestId: 1b61faa4-da21-4c56-b6ce-ec1f52397e40
2025-10-23 23:53:36 [1761281615853] REPORT RequestId: 1b61faa4-da21-4c56-b6ce-ec1f52397e40	Duration: 1.07 ms	Billed Duration: 2 ms	Memory Size: 128 MB	Max Memory Used: 128 MB
2025-10-24 14:00:42 [1761332418842] START RequestId: 695b37d6-e34d-4a49-b2da-aeeeac8d7822 Version: $LATEST
2025-10-24 14:00:42 [1761332418842] END RequestId: 695b37d6-e34d-4a49-b2da-aeeeac8d7822
2025-10-24 14:00:42 [1761332418842] REPORT RequestId: 695b37d6-e34d-4a49-b2da-aeeeac8d7822	Duration: 0.92 ms	Billed Duration: 1 ms	Memory Size: 128 MB	Max Memory Used: 128 MB
2025-10-24 14:00:42 [1761332418875] START RequestId: f8bf549c-2672-4049-bb96-c659c5233fe1 Version: $LATEST
2025-10-24 14:00:42 [1761332418875] END RequestId: f8bf549c-2672-4049-bb96-c659c5233fe1
2025-10-24 14:00:42 [1761332418875] REPORT RequestId: f8bf549c-2672-4049-bb96-c659c5233fe1	Duration: 0.86 ms	Billed Duration: 1 ms	Memory Size: 128 MB	Max Memory Used: 128 MB
2025-10-24 14:00:42 [1761332418890] START RequestId: 4f886cea-561e-48a2-ac66-0a5dbad79d82 Version: $LATEST
2025-10-24 14:00:42 [1761332418890] END RequestId: 4f886cea-561e-48a2-ac66-0a5dbad79d82
2025-10-24 14:00:42 [1761332418890] REPORT RequestId: 4f886cea-561e-48a2-ac66-0a5dbad79d82	Duration: 0.75 ms	Billed Duration: 1 ms	Memory Size: 128 MB	Max Memory Used: 128 MB
2025-10-24 14:00:45 [1761332418842] START RequestId: 695b37d6-e34d-4a49-b2da-aeeeac8d7822 Version: $LATEST
2025-10-24 14:00:45 [1761332418842] END RequestId: 695b37d6-e34d-4a49-b2da-aeeeac8d7822
2025-10-24 14:00:45 [1761332418842] REPORT RequestId: 695b37d6-e34d-4a49-b2da-aeeeac8d7822	Duration: 0.92 ms	Billed Duration: 1 ms	Memory Size: 128 MB	Max Memory Used: 128 MB
2025-10-24 14:00:45 [1761332418875] START RequestId: f8bf549c-2672-4049-bb96-c659c5233fe1 Version: $LATEST
2025-10-24 14:00:45 [1761332418875] END RequestId: f8bf549c-2672-4049-bb96-c659c5233fe1
2025-10-24 14:00:45 [1761332418875] REPORT RequestId: f8bf549c-2672-4049-bb96-c659c5233fe1	Duration: 0.86 ms	Billed Duration: 1 ms	Memory Size: 128 MB	Max Memory Used: 128 MB
2025-10-24 14:00:45 [1761332418890] START RequestId: 4f886cea-561e-48a2-ac66-0a5dbad79d82 Version: $LATEST
2025-10-24 14:00:45 [1761332418890] END RequestId: 4f886cea-561e-48a2-ac66-0a5dbad79d82
2025-10-24 14:00:45 [1761332418890] REPORT RequestId: 4f886cea-561e-48a2-ac66-0a5dbad79d82	Duration: 0.75 ms	Billed Duration: 1 ms	Memory Size: 128 MB	Max Memory Used: 128 MB
2025-10-24 14:00:45 [1761332444847] START RequestId: cfa3543a-315d-4587-ab45-03a5b1bb9d99 Version: $LATEST
2025-10-24 14:00:45 [1761332444847] END RequestId: cfa3543a-315d-4587-ab45-03a5b1bb9d99
2025-10-24 14:00:45 [1761332444847] REPORT RequestId: cfa3543a-315d-4587-ab45-03a5b1bb9d99	Duration: 0.88 ms	Billed Duration: 1 ms	Memory Size: 128 MB	Max Memory Used: 128 MB
2025-10-24 15:10:48 [1761336648322] START RequestId: 9ef6938a-fcd0-4df4-9687-1d5443949306 Version: $LATEST
2025-10-24 15:10:48 [1761336648322] END RequestId: 9ef6938a-fcd0-4df4-9687-1d5443949306
2025-10-24 15:10:48 [1761336648322] REPORT RequestId: 9ef6938a-fcd0-4df4-9687-1d5443949306	Duration: 0.99 ms	Billed Duration: 1 ms	Memory Size: 128 MB	Max Memory Used: 128 MB
2025-10-24 15:18:51 [1761337111982] START RequestId: 16a7bf7c-c9e2-4c06-ad4c-4154e0dec097 Version: $LATEST
2025-10-24 15:18:51 [1761337111982] END RequestId: 16a7bf7c-c9e2-4c06-ad4c-4154e0dec097
2025-10-24 15:18:51 [1761337111982] REPORT RequestId: 16a7bf7c-c9e2-4c06-ad4c-4154e0dec097	Duration: 0.93 ms	Billed Duration: 1 ms	Memory Size: 128 MB	Max Memory Used: 128 MB
2025-10-24 15:18:51 [1761337112006] START RequestId: ac210965-fa3f-4b2b-9c1c-7806fed2a1fe Version: $LATEST
2025-10-24 15:18:51 [1761337112006] END RequestId: ac210965-fa3f-4b2b-9c1c-7806fed2a1fe
2025-10-24 15:18:51 [1761337112006] REPORT RequestId: ac210965-fa3f-4b2b-9c1c-7806fed2a1fe	Duration: 0.87 ms	Billed Duration: 1 ms	Memory Size: 128 MB	Max Memory Used: 128 MB
2025-10-24 15:18:51 [1761337112023] START RequestId: 33ba1a8f-193d-4f78-b7f1-c30f8ccdf54f Version: $LATEST
2025-10-24 15:18:51 [1761337112023] END RequestId: 33ba1a8f-193d-4f78-b7f1-c30f8ccdf54f
2025-10-24 15:18:51 [1761337112023] REPORT RequestId: 33ba1a8f-193d-4f78-b7f1-c30f8ccdf54f	Duration: 1.01 ms	Billed Duration: 2 ms	Memory Size: 128 MB	Max Memory Used: 128 MB
2025-10-24 15:23:44 [1761337403513] START RequestId: 2a3ce123-7aa0-4725-b244-365f5c9e1870 Version: $LATEST
2025-10-24 15:23:44 [1761337403513] END RequestId: 2a3ce123-7aa0-4725-b244-365f5c9e1870
2025-10-24 15:23:44 [1761337403513] REPORT RequestId: 2a3ce123-7aa0-4725-b244-365f5c9e1870	Duration: 1.03 ms	Billed Duration: 2 ms	Memory Size: 128 MB	Max Memory Used: 128 MB
2025-10-24 15:23:44 [1761337403533] START RequestId: a9efd552-7ac3-4554-bcf4-fe8b83ab2211 Version: $LATEST
2025-10-24 15:23:44 [1761337403533] END RequestId: a9efd552-7ac3-4554-bcf4-fe8b83ab2211
2025-10-24 15:23:44 [1761337403533] REPORT RequestId: a9efd552-7ac3-4554-bcf4-fe8b83ab2211	Duration: 1.08 ms	Billed Duration: 2 ms	Memory Size: 128 MB	Max Memory Used: 128 MB
2025-10-24 15:23:44 [1761337403556] START RequestId: e281fdb9-868b-4347-8a1b-f2679a984cf2 Version: $LATEST
2025-10-24 15:23:44 [1761337403556] END RequestId: e281fdb9-868b-4347-8a1b-f2679a984cf2
2025-10-24 15:23:44 [1761337403556] REPORT RequestId: e281fdb9-868b-4347-8a1b-f2679a984cf2	Duration: 0.89 ms	Billed Duration: 1 ms	Memory Size: 128 MB	Max Memory Used: 128 MB
2025-10-24 15:30:03 [1761337778685] START RequestId: 9744c417-a1f2-4fe2-b850-d13813451435 Version: $LATEST
2025-10-24 15:30:03 [1761337778685] END RequestId: 9744c417-a1f2-4fe2-b850-d13813451435
2025-10-24 15:30:03 [1761337778685] REPORT RequestId: 9744c417-a1f2-4fe2-b850-d13813451435	Duration: 0.97 ms	Billed Duration: 1 ms	Memory Size: 128 MB	Max Memory Used: 128 MB
2025-10-24 15:30:03 [1761337778720] START RequestId: dd616c63-aadc-453a-b681-fe774b80e0ca Version: $LATEST
2025-10-24 15:30:03 [1761337778720] END RequestId: dd616c63-aadc-453a-b681-fe774b80e0ca
2025-10-24 15:30:03 [1761337778720] REPORT RequestId: dd616c63-aadc-453a-b681-fe774b80e0ca	Duration: 1.09 ms	Billed Duration: 2 ms	Memory Size: 128 MB	Max Memory Used: 128 MB
2025-10-24 15:30:03 [1761337778740] START RequestId: 1ee39ffa-d653-4133-9ce0-63adad2bfb06 Version: $LATEST
2025-10-24 15:30:03 [1761337778740] END RequestId: 1ee39ffa-d653-4133-9ce0-63adad2bfb06
2025-10-24 15:30:03 [1761337778740] REPORT RequestId: 1ee39ffa-d653-4133-9ce0-63adad2bfb06	Duration: 0.91 ms	Billed Duration: 1 ms	Memory Size: 128 MB	Max Memory Used: 128 MB
2025-10-24 15:30:07 [1761337778685] START RequestId: 9744c417-a1f2-4fe2-b850-d13813451435 Version: $LATEST
2025-10-24 15:30:07 [1761337778685] END RequestId: 9744c417-a1f2-4fe2-b850-d13813451435
2025-10-24 15:30:07 [1761337778685] REPORT RequestId: 9744c417-a1f2-4fe2-b850-d13813451435	Duration: 0.97 ms	Billed Duration: 1 ms	Memory Size: 128 MB	Max Memory Used: 128 MB
2025-10-24 15:30:07 [1761337778720] START RequestId: dd616c63-aadc-453a-b681-fe774b80e0ca Version: $LATEST
2025-10-24 15:30:07 [1761337778720] END RequestId: dd616c63-aadc-453a-b681-fe774b80e0ca
2025-10-24 15:30:07 [1761337778720] REPORT RequestId: dd616c63-aadc-453a-b681-fe774b80e0ca	Duration: 1.09 ms	Billed Duration: 2 ms	Memory Size: 128 MB	Max Memory Used: 128 MB
2025-10-24 15:30:07 [1761337778740] START RequestId: 1ee39ffa-d653-4133-9ce0-63adad2bfb06 Version: $LATEST
2025-10-24 15:30:07 [1761337778740] END RequestId: 1ee39ffa-d653-4133-9ce0-63adad2bfb06
2025-10-24 15:30:07 [1761337778740] REPORT RequestId: 1ee39ffa-d653-4133-9ce0-63adad2bfb06	Duration: 0.91 ms	Billed Duration: 1 ms	Memory Size: 128 MB	Max Memory Used: 128 MB
2025-10-24 15:30:07 [1761337807004] START RequestId: 762c0c68-4020-4052-a251-91db62fd6cb8 Version: $LATEST
2025-10-24 15:30:07 [1761337807004] END RequestId: 762c0c68-4020-4052-a251-91db62fd6cb8
2025-10-24 15:30:07 [1761337807004] REPORT RequestId: 762c0c68-4020-4052-a251-91db62fd6cb8	Duration: 1.02 ms	Billed Duration: 2 ms	Memory Size: 128 MB	Max Memory Used: 128 MB
2025-10-24 15:34:34 [1761337778685] START RequestId: 9744c417-a1f2-4fe2-b850-d13813451435 Version: $LATEST
2025-10-24 15:34:34 [1761337778685] END RequestId: 9744c417-a1f2-4fe2-b850-d13813451435
2025-10-24 15:34:34 [1761337778685] REPORT RequestId: 9744c417-a1f2-4fe2-b850-d13813451435	Duration: 0.97 ms	Billed Duration: 1 ms	Memory Size: 128 MB	Max Memory Used: 128 MB
2025-10-24 15:34:34 [1761337778720] START RequestId: dd616c63-aadc-453a-b681-fe774b80e0ca Version: $LATEST
2025-10-24 15:34:34 [1761337778720] END RequestId: dd616c63-aadc-453a-b681-fe774b80e0ca
2025-10-24 15:34:34 [1761337778720] REPORT RequestId: dd616c63-aadc-453a-b681-fe774b80e0ca	Duration: 1.09 ms	Billed Duration: 2 ms	Memory Size: 128 MB	Max Memory Used: 128 MB
2025-10-24 15:34:34 [1761337778740] START RequestId: 1ee39ffa-d653-4133-9ce0-63adad2bfb06 Version: $LATEST
2025-10-24 15:34:34 [1761337778740] END RequestId: 1ee39ffa-d653-4133-9ce0-63adad2bfb06
2025-10-24 15:34:34 [1761337778740] REPORT RequestId: 1ee39ffa-d653-4133-9ce0-63adad2bfb06	Duration: 0.91 ms	Billed Duration: 1 ms	Memory Size: 128 MB	Max Memory Used: 128 MB
2025-10-24 15:34:34 [1761337807004] START RequestId: 762c0c68-4020-4052-a251-91db62fd6cb8 Version: $LATEST
2025-10-24 15:34:34 [1761337807004] END RequestId: 762c0c68-4020-4052-a251-91db62fd6cb8
2025-10-24 15:34:34 [1761337807004] REPORT RequestId: 762c0c68-4020-4052-a251-91db62fd6cb8	Duration: 1.02 ms	Billed Duration: 2 ms	Memory Size: 128 MB	Max Memory Used: 128 MB
2025-10-24 15:34:34 [1761338050454] START RequestId: c53df3da-90d1-4b9a-bde4-3ca9567af504 Version: $LATEST
2025-10-24 15:34:34 [1761338050454] END RequestId: c53df3da-90d1-4b9a-bde4-3ca9567af504
2025-10-24 15:34:34 [1761338050454] REPORT RequestId: c53df3da-90d1-4b9a-bde4-3ca9567af504	Duration: 1.12 ms	Billed Duration: 2 ms	Memory Size: 128 MB	Max Memory Used: 128 MB
2025-10-24 15:34:34 [1761338050485] START RequestId: 9643ed74-7568-4c81-89c7-3c18594956f0 Version: $LATEST
2025-10-24 15:34:34 [1761338050485] END RequestId: 9643ed74-7568-4c81-89c7-3c18594956f0
2025-10-24 15:34:34 [1761338050485] REPORT RequestId: 9643ed74-7568-4c81-89c7-3c18594956f0	Duration: 0.86 ms	Billed Duration: 1 ms	Memory Size: 128 MB	Max Memory Used: 128 MB
2025-10-24 15:34:34 [1761338050504] START RequestId: d5f41e84-2690-4dc4-a2f4-1222e92e014f Version: $LATEST
2025-10-24 15:34:34 [1761338050504] END RequestId: d5f41e84-2690-4dc4-a2f4-1222e92e014f
2025-10-24 15:34:34 [1761338050504] REPORT RequestId: d5f41e84-2690-4dc4-a2f4-1222e92e014f	Duration: 0.84 ms	Billed Duration: 1 ms	Memory Size: 128 MB	Max Memory Used: 128 MB
2025-10-24 15:34:38 [1761338050454] START RequestId: c53df3da-90d1-4b9a-bde4-3ca9567af504 Version: $LATEST
2025-10-24 15:34:38 [1761338050454] END RequestId: c53df3da-90d1-4b9a-bde4-3ca9567af504
2025-10-24 15:34:38 [1761338050454] REPORT RequestId: c53df3da-90d1-4b9a-bde4-3ca9567af504	Duration: 1.12 ms	Billed Duration: 2 ms	Memory Size: 128 MB	Max Memory Used: 128 MB
2025-10-24 15:34:38 [1761338050485] START RequestId: 9643ed74-7568-4c81-89c7-3c18594956f0 Version: $LATEST
2025-10-24 15:34:38 [1761338050485] END RequestId: 9643ed74-7568-4c81-89c7-3c18594956f0
2025-10-24 15:34:38 [1761338050485] REPORT RequestId: 9643ed74-7568-4c81-89c7-3c18594956f0	Duration: 0.86 ms	Billed Duration: 1 ms	Memory Size: 128 MB	Max Memory Used: 128 MB
2025-10-24 15:34:38 [1761338050504] START RequestId: d5f41e84-2690-4dc4-a2f4-1222e92e014f Version: $LATEST
2025-10-24 15:34:38 [1761338050504] END RequestId: d5f41e84-2690-4dc4-a2f4-1222e92e014f
2025-10-24 15:34:38 [1761338050504] REPORT RequestId: d5f41e84-2690-4dc4-a2f4-1222e92e014f	Duration: 0.84 ms	Billed Duration: 1 ms	Memory Size: 128 MB	Max Memory Used: 128 MB
2025-10-24 15:34:38 [1761338078323] START RequestId: cac8f8c4-d9a4-40e4-834a-b83eae09c6f4 Version: $LATEST
2025-10-24 15:34:38 [1761338078323] END RequestId: cac8f8c4-d9a4-40e4-834a-b83eae09c6f4
2025-10-24 15:34:38 [1761338078323] REPORT RequestId: cac8f8c4-d9a4-40e4-834a-b83eae09c6f4	Duration: 0.89 ms	Billed Duration: 1 ms	Memory Size: 128 MB	Max Memory Used: 128 MB
2025-10-24 15:39:53 [1761338371325] START RequestId: 5e0ecddf-d33e-4d65-8f82-1cda3dc65ad7 Version: $LATEST
2025-10-24 15:39:53 [1761338371325] END RequestId: 5e0ecddf-d33e-4d65-8f82-1cda3dc65ad7
2025-10-24 15:39:53 [1761338371325] REPORT RequestId: 5e0ecddf-d33e-4d65-8f82-1cda3dc65ad7	Duration: 0.92 ms	Billed Duration: 1 ms	Memory Size: 128 MB	Max Memory Used: 128 MB
2025-10-24 15:39:53 [1761338371364] START RequestId: f25b2784-f416-4fb6-b9a9-8be889026ea0 Version: $LATEST
2025-10-24 15:39:53 [1761338371364] END RequestId: f25b2784-f416-4fb6-b9a9-8be889026ea0
2025-10-24 15:39:53 [1761338371364] REPORT RequestId: f25b2784-f416-4fb6-b9a9-8be889026ea0	Duration: 0.76 ms	Billed Duration: 1 ms	Memory Size: 128 MB	Max Memory Used: 128 MB
2025-10-24 15:39:53 [1761338371378] START RequestId: e11c51aa-eb93-4d0f-a93c-1640f1bf4dd6 Version: $LATEST
2025-10-24 15:39:53 [1761338371378] END RequestId: e11c51aa-eb93-4d0f-a93c-1640f1bf4dd6
2025-10-24 15:39:53 [1761338371378] REPORT RequestId: e11c51aa-eb93-4d0f-a93c-1640f1bf4dd6	Duration: 0.87 ms	Billed Duration: 1 ms	Memory Size: 128 MB	Max Memory Used: 128 MB
2025-10-24 15:39:56 [1761338371325] START RequestId: 5e0ecddf-d33e-4d65-8f82-1cda3dc65ad7 Version: $LATEST
2025-10-24 15:39:56 [1761338371325] END RequestId: 5e0ecddf-d33e-4d65-8f82-1cda3dc65ad7
2025-10-24 15:39:56 [1761338371325] REPORT RequestId: 5e0ecddf-d33e-4d65-8f82-1cda3dc65ad7	Duration: 0.92 ms	Billed Duration: 1 ms	Memory Size: 128 MB	Max Memory Used: 128 MB
2025-10-24 15:39:56 [1761338371364] START RequestId: f25b2784-f416-4fb6-b9a9-8be889026ea0 Version: $LATEST
2025-10-24 15:39:56 [1761338371364] END RequestId: f25b2784-f416-4fb6-b9a9-8be889026ea0
2025-10-24 15:39:56 [1761338371364] REPORT RequestId: f25b2784-f416-4fb6-b9a9-8be889026ea0	Duration: 0.76 ms	Billed Duration: 1 ms	Memory Size: 128 MB	Max Memory Used: 128 MB
2025-10-24 15:39:56 [1761338371378] START RequestId: e11c51aa-eb93-4d0f-a93c-1640f1bf4dd6 Version: $LATEST
2025-10-24 15:39:56 [1761338371378] END RequestId: e11c51aa-eb93-4d0f-a93c-1640f1bf4dd6
2025-10-24 15:39:56 [1761338371378] REPORT RequestId: e11c51aa-eb93-4d0f-a93c-1640f1bf4dd6	Duration: 0.87 ms	Billed Duration: 1 ms	Memory Size: 128 MB	Max Memory Used: 128 MB
2025-10-24 15:39:56 [1761338395827] START RequestId: 0e4c2ae9-af7c-48d0-9e0c-eb72ac6903df Version: $LATEST
2025-10-24 15:39:56 [1761338395827] END RequestId: 0e4c2ae9-af7c-48d0-9e0c-eb72ac6903df
2025-10-24 15:39:56 [1761338395827] REPORT RequestId: 0e4c2ae9-af7c-48d0-9e0c-eb72ac6903df	Duration: 1.30 ms	Billed Duration: 2 ms	Memory Size: 128 MB	Max Memory Used: 128 MB
