2025-10-23 23:53:32 [1761281584558] START RequestId: e26774f2-7a99-4e10-908d-c2979ba17602 Version: $LATEST
2025-10-23 23:53:32 [1761281584558] END RequestId: e26774f2-7a99-4e10-908d-c2979ba17602
2025-10-23 23:53:32 [1761281584558] REPORT RequestId: e26774f2-7a99-4e10-908d-c2979ba17602	Duration: 1.60 ms	Billed Duration: 2 ms	Memory Size: 128 MB	Max Memory Used: 128 MB
2025-10-23 23:53:32 [1761281584605] START RequestId: 3d70fcb1-91b9-4498-8e9e-de375d73993c Version: $LATEST
2025-10-23 23:53:32 [1761281584605] END RequestId: 3d70fcb1-91b9-4498-8e9e-de375d73993c
2025-10-23 23:53:32 [1761281584605] REPORT RequestId: 3d70fcb1-91b9-4498-8e9e-de375d73993c	Duration: 1.80 ms	Billed Duration: 2 ms	Memory Size: 128 MB	Max Memory Used: 128 MB
2025-10-23 23:53:32 [1761281584631] START RequestId: 91c06edd-ffbb-4a4f-98d9-e006199ca191 Version: $LATEST
2025-10-23 23:53:32 [1761281584631] END RequestId: 91c06edd-ffbb-4a4f-98d9-e006199ca191
2025-10-23 23:53:32 [1761281584631] REPORT RequestId: 91c06edd-ffbb-4a4f-98d9-e006199ca191	Duration: 1.87 ms	Billed Duration: 2 ms	Memory Size: 128 MB	Max Memory Used: 128 MB
2025-10-23 23:53:36 [1761281584558] START RequestId: e26774f2-7a99-4e10-908d-c2979ba17602 Version: $LATEST
2025-10-23 23:53:36 [1761281584558] END RequestId: e26774f2-7a99-4e10-908d-c2979ba17602
2025-10-23 23:53:36 [1761281584558] REPORT RequestId: e26774f2-7a99-4e10-908d-c2979ba17602	Duration: 1.60 ms	Billed Duration: 2 ms	Memory Size: 128 MB	Max Memory Used: 128 MB
2025-10-23 23:53:36 [1761281584605] START RequestId: 3d70fcb1-91b9-4498-8e9e-de375d73993c Version: $LATEST
2025-10-23 23:53:36 [1761281584605] END RequestId: 3d70fcb1-91b9-4498-8e9e-de375d73993c
2025-10-23 23:53:36 [1761281584605] REPORT RequestId: 3d70fcb1-91b9-4498-8e9e-de375d73993c	Duration: 1.80 ms	Billed Duration: 2 ms	Memory Size: 128 MB	Max Memory Used: 128 MB
2025-10-23 23:53:36 [1761281584631] START RequestId: 91c06edd-ffbb-4a4f-98d9-e006199ca191 Version: $LATEST
2025-10-23 23:53:36 [1761281584631] END RequestId: 91c06edd-ffbb-4a4f-98d9-e006199ca191
2025-10-23 23:53:36 [1761281584631] REPORT RequestId: 91c06edd-ffbb-4a4f-98d9-e006199ca191	Duration: 1.87 ms	Billed Duration: 2 ms	Memory Size: 128 MB	Max Memory Used: 128 MB
2025-10-23 23:53:36 [1761281616426] START RequestId: 89960211-e914-49e1-b8e3-c94cfa204696 Version: $LATEST
2025-10-23 23:53:36 [1761281616426] END RequestId: 89960211-e914-49e1-b8e3-c94cfa204696
2025-10-23 23:53:36 [1761281616426] REPORT RequestId: 89960211-e914-49e1-b8e3-c94cfa204696	Duration: 1.18 ms	Billed Duration: 2 ms	Memory Size: 128 MB	Max Memory Used: 128 MB
