2025-10-23 23:53:33 [1761281609082] [INFO]	2025-10-24T04:53:28.998Z		Found credentials in environment variables.
2025-10-23 23:53:33 [1761281609082] [INFO]	2025-10-24T04:53:29.067Z		Found endpoint for s3 via: environment_global.
2025-10-23 23:53:33 [1761281609082] START RequestId: 1c9d695a-b8e3-4826-b06e-73287db6efac Version: $LATEST
2025-10-23 23:53:33 [1761281609082] [INFO]	2025-10-24T04:53:29.076Z	1c9d695a-b8e3-4826-b06e-73287db6efac	Received event: {"test": true}
2025-10-23 23:53:33 [1761281609082] END RequestId: 1c9d695a-b8e3-4826-b06e-73287db6efac
2025-10-23 23:53:33 [1761281609082] REPORT RequestId: 1c9d695a-b8e3-4826-b06e-73287db6efac	Duration: 2.01 ms	Billed Duration: 3 ms	Memory Size: 128 MB	Max Memory Used: 128 MB
2025-10-23 23:53:33 [1761281609123] START RequestId: 00c4d6ab-603f-4ddf-85b3-6208ba5eddaf Version: $LATEST
2025-10-23 23:53:33 [1761281609123] [INFO]	2025-10-24T04:53:29.111Z	00c4d6ab-603f-4ddf-85b3-6208ba5eddaf	Received event: {"test": true}
2025-10-23 23:53:33 [1761281609123] END RequestId: 00c4d6ab-603f-4ddf-85b3-6208ba5eddaf
2025-10-23 23:53:33 [1761281609123] REPORT RequestId: 00c4d6ab-603f-4ddf-85b3-6208ba5eddaf	Duration: 1.52 ms	Billed Duration: 2 ms	Memory Size: 128 MB	Max Memory Used: 128 MB
2025-10-23 23:53:33 [1761281609160] START RequestId: 1af221c0-3692-4f5c-b57f-1ede012342ed Version: $LATEST
2025-10-23 23:53:33 [1761281609160] [INFO]	2025-10-24T04:53:29.145Z	1af221c0-3692-4f5c-b57f-1ede012342ed	Received event: {"test": true}
2025-10-23 23:53:33 [1761281609160] END RequestId: 1af221c0-3692-4f5c-b57f-1ede012342ed
2025-10-23 23:53:33 [1761281609160] REPORT RequestId: 1af221c0-3692-4f5c-b57f-1ede012342ed	Duration: 1.57 ms	Billed Duration: 2 ms	Memory Size: 128 MB	Max Memory Used: 128 MB
2025-10-23 23:53:40 [1761281609082] [INFO]	2025-10-24T04:53:28.998Z		Found credentials in environment variables.
2025-10-23 23:53:40 [1761281609082] [INFO]	2025-10-24T04:53:29.067Z		Found endpoint for s3 via: environment_global.
2025-10-23 23:53:40 [1761281609082] START RequestId: 1c9d695a-b8e3-4826-b06e-73287db6efac Version: $LATEST
2025-10-23 23:53:40 [1761281609082] [INFO]	2025-10-24T04:53:29.076Z	1c9d695a-b8e3-4826-b06e-73287db6efac	Received event: {"test": true}
2025-10-23 23:53:40 [1761281609082] END RequestId: 1c9d695a-b8e3-4826-b06e-73287db6efac
2025-10-23 23:53:40 [1761281609082] REPORT RequestId: 1c9d695a-b8e3-4826-b06e-73287db6efac	Duration: 2.01 ms	Billed Duration: 3 ms	Memory Size: 128 MB	Max Memory Used: 128 MB
2025-10-23 23:53:40 [1761281609123] START RequestId: 00c4d6ab-603f-4ddf-85b3-6208ba5eddaf Version: $LATEST
2025-10-23 23:53:40 [1761281609123] [INFO]	2025-10-24T04:53:29.111Z	00c4d6ab-603f-4ddf-85b3-6208ba5eddaf	Received event: {"test": true}
2025-10-23 23:53:40 [1761281609123] END RequestId: 00c4d6ab-603f-4ddf-85b3-6208ba5eddaf
2025-10-23 23:53:40 [1761281609123] REPORT RequestId: 00c4d6ab-603f-4ddf-85b3-6208ba5eddaf	Duration: 1.52 ms	Billed Duration: 2 ms	Memory Size: 128 MB	Max Memory Used: 128 MB
2025-10-23 23:53:40 [1761281609160] START RequestId: 1af221c0-3692-4f5c-b57f-1ede012342ed Version: $LATEST
2025-10-23 23:53:40 [1761281609160] [INFO]	2025-10-24T04:53:29.145Z	1af221c0-3692-4f5c-b57f-1ede012342ed	Received event: {"test": true}
2025-10-23 23:53:40 [1761281609160] END RequestId: 1af221c0-3692-4f5c-b57f-1ede012342ed
2025-10-23 23:53:40 [1761281609160] REPORT RequestId: 1af221c0-3692-4f5c-b57f-1ede012342ed	Duration: 1.57 ms	Billed Duration: 2 ms	Memory Size: 128 MB	Max Memory Used: 128 MB
2025-10-23 23:53:40 [1761281620160] START RequestId: be261256-a85a-4938-a708-1cae636577c6 Version: $LATEST
2025-10-23 23:53:40 [1761281620160] [INFO]	2025-10-24T04:53:40.154Z	be261256-a85a-4938-a708-1cae636577c6	Received event: {"name": "Smoke"}
2025-10-23 23:53:40 [1761281620160] END RequestId: be261256-a85a-4938-a708-1cae636577c6
2025-10-23 23:53:40 [1761281620160] REPORT RequestId: be261256-a85a-4938-a708-1cae636577c6	Duration: 1.21 ms	Billed Duration: 2 ms	Memory Size: 128 MB	Max Memory Used: 128 MB
2025-10-24 14:00:42 [1761332437085] [INFO]	2025-10-24T19:00:37.003Z		Found credentials in environment variables.
2025-10-24 14:00:42 [1761332437085] [INFO]	2025-10-24T19:00:37.075Z		Found endpoint for s3 via: environment_global.
2025-10-24 14:00:42 [1761332437085] START RequestId: 7c21c510-57c5-44b7-adc6-96e89c1bccd6 Version: $LATEST
2025-10-24 14:00:42 [1761332437085] [INFO]	2025-10-24T19:00:37.082Z	7c21c510-57c5-44b7-adc6-96e89c1bccd6	Received event: {"test": true}
2025-10-24 14:00:42 [1761332437085] END RequestId: 7c21c510-57c5-44b7-adc6-96e89c1bccd6
2025-10-24 14:00:42 [1761332437085] REPORT RequestId: 7c21c510-57c5-44b7-adc6-96e89c1bccd6	Duration: 1.03 ms	Billed Duration: 2 ms	Memory Size: 128 MB	Max Memory Used: 128 MB
2025-10-24 14:00:42 [1761332437113] START RequestId: 7a681c09-59b2-4ee8-9303-5ec00209e289 Version: $LATEST
2025-10-24 14:00:42 [1761332437113] [INFO]	2025-10-24T19:00:37.104Z	7a681c09-59b2-4ee8-9303-5ec00209e289	Received event: {"test": true}
2025-10-24 14:00:42 [1761332437113] END RequestId: 7a681c09-59b2-4ee8-9303-5ec00209e289
2025-10-24 14:00:42 [1761332437113] REPORT RequestId: 7a681c09-59b2-4ee8-9303-5ec00209e289	Duration: 1.09 ms	Billed Duration: 2 ms	Memory Size: 128 MB	Max Memory Used: 128 MB
2025-10-24 14:00:42 [1761332437129] START RequestId: f3bb3248-d57e-46e1-b99b-c7a1bb87bf26 Version: $LATEST
2025-10-24 14:00:42 [1761332437129] [INFO]	2025-10-24T19:00:37.123Z	f3bb3248-d57e-46e1-b99b-c7a1bb87bf26	Received event: {"test": true}
2025-10-24 14:00:42 [1761332437129] END RequestId: f3bb3248-d57e-46e1-b99b-c7a1bb87bf26
2025-10-24 14:00:42 [1761332437129] REPORT RequestId: f3bb3248-d57e-46e1-b99b-c7a1bb87bf26	Duration: 1.12 ms	Billed Duration: 2 ms	Memory Size: 128 MB	Max Memory Used: 128 MB
2025-10-24 14:00:47 [1761332437085] [INFO]	2025-10-24T19:00:37.003Z		Found credentials in environment variables.
2025-10-24 14:00:47 [1761332437085] [INFO]	2025-10-24T19:00:37.075Z		Found endpoint for s3 via: environment_global.
2025-10-24 14:00:47 [1761332437085] START RequestId: 7c21c510-57c5-44b7-adc6-96e89c1bccd6 Version: $LATEST
2025-10-24 14:00:47 [1761332437085] [INFO]	2025-10-24T19:00:37.082Z	7c21c510-57c5-44b7-adc6-96e89c1bccd6	Received event: {"test": true}
2025-10-24 14:00:47 [1761332437085] END RequestId: 7c21c510-57c5-44b7-adc6-96e89c1bccd6
2025-10-24 14:00:47 [1761332437085] REPORT RequestId: 7c21c510-57c5-44b7-adc6-96e89c1bccd6	Duration: 1.03 ms	Billed Duration: 2 ms	Memory Size: 128 MB	Max Memory Used: 128 MB
2025-10-24 14:00:47 [1761332437113] START RequestId: 7a681c09-59b2-4ee8-9303-5ec00209e289 Version: $LATEST
2025-10-24 14:00:47 [1761332437113] [INFO]	2025-10-24T19:00:37.104Z	7a681c09-59b2-4ee8-9303-5ec00209e289	Received event: {"test": true}
2025-10-24 14:00:47 [1761332437113] END RequestId: 7a681c09-59b2-4ee8-9303-5ec00209e289
2025-10-24 14:00:47 [1761332437113] REPORT RequestId: 7a681c09-59b2-4ee8-9303-5ec00209e289	Duration: 1.09 ms	Billed Duration: 2 ms	Memory Size: 128 MB	Max Memory Used: 128 MB
2025-10-24 14:00:47 [1761332437129] START RequestId: f3bb3248-d57e-46e1-b99b-c7a1bb87bf26 Version: $LATEST
2025-10-24 14:00:47 [1761332437129] [INFO]	2025-10-24T19:00:37.123Z	f3bb3248-d57e-46e1-b99b-c7a1bb87bf26	Received event: {"test": true}
2025-10-24 14:00:47 [1761332437129] END RequestId: f3bb3248-d57e-46e1-b99b-c7a1bb87bf26
2025-10-24 14:00:47 [1761332437129] REPORT RequestId: f3bb3248-d57e-46e1-b99b-c7a1bb87bf26	Duration: 1.12 ms	Billed Duration: 2 ms	Memory Size: 128 MB	Max Memory Used: 128 MB
2025-10-24 14:00:47 [1761332447722] START RequestId: 6c7904d6-fb70-4e8a-a257-e1109b23b4af Version: $LATEST
2025-10-24 14:00:47 [1761332447722] [INFO]	2025-10-24T19:00:47.714Z	6c7904d6-fb70-4e8a-a257-e1109b23b4af	Received event: {"name": "Smoke"}
2025-10-24 14:00:47 [1761332447722] END RequestId: 6c7904d6-fb70-4e8a-a257-e1109b23b4af
2025-10-24 14:00:47 [1761332447722] REPORT RequestId: 6c7904d6-fb70-4e8a-a257-e1109b23b4af	Duration: 0.95 ms	Billed Duration: 1 ms	Memory Size: 128 MB	Max Memory Used: 128 MB
2025-10-24 15:10:53 [1761336653089] [INFO]	2025-10-24T20:10:53.009Z		Found credentials in environment variables.
2025-10-24 15:10:53 [1761336653089] [INFO]	2025-10-24T20:10:53.080Z		Found endpoint for s3 via: environment_global.
2025-10-24 15:10:53 [1761336653089] START RequestId: fb9a00c9-d878-449e-b518-a3f87cf55d7c Version: $LATEST
2025-10-24 15:10:53 [1761336653089] [INFO]	2025-10-24T20:10:53.086Z	fb9a00c9-d878-449e-b518-a3f87cf55d7c	Received event: {"name": "Smoke"}
2025-10-24 15:10:53 [1761336653089] END RequestId: fb9a00c9-d878-449e-b518-a3f87cf55d7c
2025-10-24 15:10:53 [1761336653089] REPORT RequestId: fb9a00c9-d878-449e-b518-a3f87cf55d7c	Duration: 0.93 ms	Billed Duration: 1 ms	Memory Size: 128 MB	Max Memory Used: 128 MB
2025-10-24 15:18:52 [1761337126719] START RequestId: 3e24848d-fe5d-4a5d-85d6-50ce5cca2ea6 Version: $LATEST
2025-10-24 15:18:52 [1761337126719] [INFO]	2025-10-24T20:18:46.713Z	3e24848d-fe5d-4a5d-85d6-50ce5cca2ea6	Received event: {"test": true}
2025-10-24 15:18:52 [1761337126719] END RequestId: 3e24848d-fe5d-4a5d-85d6-50ce5cca2ea6
2025-10-24 15:18:52 [1761337126719] REPORT RequestId: 3e24848d-fe5d-4a5d-85d6-50ce5cca2ea6	Duration: 1.57 ms	Billed Duration: 2 ms	Memory Size: 128 MB	Max Memory Used: 128 MB
2025-10-24 15:18:52 [1761337126739] START RequestId: 1ac2bd61-6c99-462f-97d1-ac857f18b630 Version: $LATEST
2025-10-24 15:18:52 [1761337126739] [INFO]	2025-10-24T20:18:46.728Z	1ac2bd61-6c99-462f-97d1-ac857f18b630	Received event: {"test": true}
2025-10-24 15:18:52 [1761337126739] END RequestId: 1ac2bd61-6c99-462f-97d1-ac857f18b630
2025-10-24 15:18:52 [1761337126739] REPORT RequestId: 1ac2bd61-6c99-462f-97d1-ac857f18b630	Duration: 1.12 ms	Billed Duration: 2 ms	Memory Size: 128 MB	Max Memory Used: 128 MB
2025-10-24 15:18:52 [1761337126761] START RequestId: 1e42aaeb-99b6-430c-ba79-e81d2021dde6 Version: $LATEST
2025-10-24 15:18:52 [1761337126761] [INFO]	2025-10-24T20:18:46.752Z	1e42aaeb-99b6-430c-ba79-e81d2021dde6	Received event: {"test": true}
2025-10-24 15:18:52 [1761337126761] END RequestId: 1e42aaeb-99b6-430c-ba79-e81d2021dde6
2025-10-24 15:18:52 [1761337126761] REPORT RequestId: 1e42aaeb-99b6-430c-ba79-e81d2021dde6	Duration: 1.17 ms	Billed Duration: 2 ms	Memory Size: 128 MB	Max Memory Used: 128 MB
2025-10-24 15:23:44 [1761337126719] START RequestId: 3e24848d-fe5d-4a5d-85d6-50ce5cca2ea6 Version: $LATEST
2025-10-24 15:23:44 [1761337126719] [INFO]	2025-10-24T20:18:46.713Z	3e24848d-fe5d-4a5d-85d6-50ce5cca2ea6	Received event: {"test": true}
2025-10-24 15:23:44 [1761337126719] END RequestId: 3e24848d-fe5d-4a5d-85d6-50ce5cca2ea6
2025-10-24 15:23:44 [1761337126719] REPORT RequestId: 3e24848d-fe5d-4a5d-85d6-50ce5cca2ea6	Duration: 1.57 ms	Billed Duration: 2 ms	Memory Size: 128 MB	Max Memory Used: 128 MB
2025-10-24 15:23:44 [1761337126739] START RequestId: 1ac2bd61-6c99-462f-97d1-ac857f18b630 Version: $LATEST
2025-10-24 15:23:44 [1761337126739] [INFO]	2025-10-24T20:18:46.728Z	1ac2bd61-6c99-462f-97d1-ac857f18b630	Received event: {"test": true}
2025-10-24 15:23:44 [1761337126739] END RequestId: 1ac2bd61-6c99-462f-97d1-ac857f18b630
2025-10-24 15:23:44 [1761337126739] REPORT RequestId: 1ac2bd61-6c99-462f-97d1-ac857f18b630	Duration: 1.12 ms	Billed Duration: 2 ms	Memory Size: 128 MB	Max Memory Used: 128 MB
2025-10-24 15:23:44 [1761337126761] START RequestId: 1e42aaeb-99b6-430c-ba79-e81d2021dde6 Version: $LATEST
2025-10-24 15:23:44 [1761337126761] [INFO]	2025-10-24T20:18:46.752Z	1e42aaeb-99b6-430c-ba79-e81d2021dde6	Received event: {"test": true}
2025-10-24 15:23:44 [1761337126761] END RequestId: 1e42aaeb-99b6-430c-ba79-e81d2021dde6
2025-10-24 15:23:44 [1761337126761] REPORT RequestId: 1e42aaeb-99b6-430c-ba79-e81d2021dde6	Duration: 1.17 ms	Billed Duration: 2 ms	Memory Size: 128 MB	Max Memory Used: 128 MB
2025-10-24 15:23:44 [1761337419348] START RequestId: e778de99-2d61-4d68-9d2a-f9133954e93b Version: $LATEST
2025-10-24 15:23:44 [1761337419348] [INFO]	2025-10-24T20:23:39.340Z	e778de99-2d61-4d68-9d2a-f9133954e93b	Received event: {"test": true}
2025-10-24 15:23:44 [1761337419348] END RequestId: e778de99-2d61-4d68-9d2a-f9133954e93b
2025-10-24 15:23:44 [1761337419348] REPORT RequestId: e778de99-2d61-4d68-9d2a-f9133954e93b	Duration: 1.54 ms	Billed Duration: 2 ms	Memory Size: 128 MB	Max Memory Used: 128 MB
2025-10-24 15:23:44 [1761337419373] START RequestId: f3d78692-af05-40da-9d43-ceed3e0767dd Version: $LATEST
2025-10-24 15:23:44 [1761337419373] [INFO]	2025-10-24T20:23:39.366Z	f3d78692-af05-40da-9d43-ceed3e0767dd	Received event: {"test": true}
2025-10-24 15:23:44 [1761337419373] END RequestId: f3d78692-af05-40da-9d43-ceed3e0767dd
2025-10-24 15:23:44 [1761337419373] REPORT RequestId: f3d78692-af05-40da-9d43-ceed3e0767dd	Duration: 0.98 ms	Billed Duration: 1 ms	Memory Size: 128 MB	Max Memory Used: 128 MB
2025-10-24 15:23:44 [1761337419393] START RequestId: d5db5a03-ac63-431d-9399-3410f3a1a5a9 Version: $LATEST
2025-10-24 15:23:44 [1761337419393] [INFO]	2025-10-24T20:23:39.387Z	d5db5a03-ac63-431d-9399-3410f3a1a5a9	Received event: {"test": true}
2025-10-24 15:23:44 [1761337419393] END RequestId: d5db5a03-ac63-431d-9399-3410f3a1a5a9
2025-10-24 15:23:44 [1761337419393] REPORT RequestId: d5db5a03-ac63-431d-9399-3410f3a1a5a9	Duration: 1.17 ms	Billed Duration: 2 ms	Memory Size: 128 MB	Max Memory Used: 128 MB
2025-10-24 15:30:04 [1761337798717] [INFO]	2025-10-24T20:29:58.617Z		Found credentials in environment variables.
2025-10-24 15:30:04 [1761337798717] [INFO]	2025-10-24T20:29:58.705Z		Found endpoint for s3 via: environment_global.
2025-10-24 15:30:04 [1761337798717] START RequestId: 6112818b-dbe1-4476-bc7a-7476c1e4ba05 Version: $LATEST
2025-10-24 15:30:04 [1761337798717] [INFO]	2025-10-24T20:29:58.713Z	6112818b-dbe1-4476-bc7a-7476c1e4ba05	Received event: {"test": true}
2025-10-24 15:30:04 [1761337798717] END RequestId: 6112818b-dbe1-4476-bc7a-7476c1e4ba05
2025-10-24 15:30:04 [1761337798717] REPORT RequestId: 6112818b-dbe1-4476-bc7a-7476c1e4ba05	Duration: 1.05 ms	Billed Duration: 2 ms	Memory Size: 128 MB	Max Memory Used: 128 MB
2025-10-24 15:30:04 [1761337798751] START RequestId: b145b6c3-f4e9-42f3-b95b-0bb52739c55f Version: $LATEST
2025-10-24 15:30:04 [1761337798751] [INFO]	2025-10-24T20:29:58.744Z	b145b6c3-f4e9-42f3-b95b-0bb52739c55f	Received event: {"test": true}
2025-10-24 15:30:04 [1761337798751] END RequestId: b145b6c3-f4e9-42f3-b95b-0bb52739c55f
2025-10-24 15:30:04 [1761337798751] REPORT RequestId: b145b6c3-f4e9-42f3-b95b-0bb52739c55f	Duration: 0.92 ms	Billed Duration: 1 ms	Memory Size: 128 MB	Max Memory Used: 128 MB
2025-10-24 15:30:04 [1761337798770] START RequestId: 18e18cce-e21c-4f23-9d95-0b6521ebed78 Version: $LATEST
2025-10-24 15:30:04 [1761337798770] [INFO]	2025-10-24T20:29:58.764Z	18e18cce-e21c-4f23-9d95-0b6521ebed78	Received event: {"test": true}
2025-10-24 15:30:04 [1761337798770] END RequestId: 18e18cce-e21c-4f23-9d95-0b6521ebed78
2025-10-24 15:30:04 [1761337798770] REPORT RequestId: 18e18cce-e21c-4f23-9d95-0b6521ebed78	Duration: 1.33 ms	Billed Duration: 2 ms	Memory Size: 128 MB	Max Memory Used: 128 MB
2025-10-24 15:30:10 [1761337798717] [INFO]	2025-10-24T20:29:58.617Z		Found credentials in environment variables.
2025-10-24 15:30:10 [1761337798717] [INFO]	2025-10-24T20:29:58.705Z		Found endpoint for s3 via: environment_global.
2025-10-24 15:30:10 [1761337798717] START RequestId: 6112818b-dbe1-4476-bc7a-7476c1e4ba05 Version: $LATEST
2025-10-24 15:30:10 [1761337798717] [INFO]	2025-10-24T20:29:58.713Z	6112818b-dbe1-4476-bc7a-7476c1e4ba05	Received event: {"test": true}
2025-10-24 15:30:10 [1761337798717] END RequestId: 6112818b-dbe1-4476-bc7a-7476c1e4ba05
2025-10-24 15:30:10 [1761337798717] REPORT RequestId: 6112818b-dbe1-4476-bc7a-7476c1e4ba05	Duration: 1.05 ms	Billed Duration: 2 ms	Memory Size: 128 MB	Max Memory Used: 128 MB
2025-10-24 15:30:10 [1761337798751] START RequestId: b145b6c3-f4e9-42f3-b95b-0bb52739c55f Version: $LATEST
2025-10-24 15:30:10 [1761337798751] [INFO]	2025-10-24T20:29:58.744Z	b145b6c3-f4e9-42f3-b95b-0bb52739c55f	Received event: {"test": true}
2025-10-24 15:30:10 [1761337798751] END RequestId: b145b6c3-f4e9-42f3-b95b-0bb52739c55f
2025-10-24 15:30:10 [1761337798751] REPORT RequestId: b145b6c3-f4e9-42f3-b95b-0bb52739c55f	Duration: 0.92 ms	Billed Duration: 1 ms	Memory Size: 128 MB	Max Memory Used: 128 MB
2025-10-24 15:30:10 [1761337798770] START RequestId: 18e18cce-e21c-4f23-9d95-0b6521ebed78 Version: $LATEST
2025-10-24 15:30:10 [1761337798770] [INFO]	2025-10-24T20:29:58.764Z	18e18cce-e21c-4f23-9d95-0b6521ebed78	Received event: {"test": true}
2025-10-24 15:30:10 [1761337798770] END RequestId: 18e18cce-e21c-4f23-9d95-0b6521ebed78
2025-10-24 15:30:10 [1761337798770] REPORT RequestId: 18e18cce-e21c-4f23-9d95-0b6521ebed78	Duration: 1.33 ms	Billed Duration: 2 ms	Memory Size: 128 MB	Max Memory Used: 128 MB
2025-10-24 15:30:10 [1761337810297] START RequestId: 2d8e71e2-b8be-4c1e-b451-87464c99807f Version: $LATEST
2025-10-24 15:30:10 [1761337810297] [INFO]	2025-10-24T20:30:10.293Z	2d8e71e2-b8be-4c1e-b451-87464c99807f	Received event: {"name": "Smoke"}
2025-10-24 15:30:10 [1761337810297] END RequestId: 2d8e71e2-b8be-4c1e-b451-87464c99807f
2025-10-24 15:30:10 [1761337810297] REPORT RequestId: 2d8e71e2-b8be-4c1e-b451-87464c99807f	Duration: 1.13 ms	Billed Duration: 2 ms	Memory Size: 128 MB	Max Memory Used: 128 MB
2025-10-24 15:34:35 [1761337798717] [INFO]	2025-10-24T20:29:58.617Z		Found credentials in environment variables.
2025-10-24 15:34:35 [1761337798717] [INFO]	2025-10-24T20:29:58.705Z		Found endpoint for s3 via: environment_global.
2025-10-24 15:34:35 [1761337798717] START RequestId: 6112818b-dbe1-4476-bc7a-7476c1e4ba05 Version: $LATEST
2025-10-24 15:34:35 [1761337798717] [INFO]	2025-10-24T20:29:58.713Z	6112818b-dbe1-4476-bc7a-7476c1e4ba05	Received event: {"test": true}
2025-10-24 15:34:35 [1761337798717] END RequestId: 6112818b-dbe1-4476-bc7a-7476c1e4ba05
2025-10-24 15:34:35 [1761337798717] REPORT RequestId: 6112818b-dbe1-4476-bc7a-7476c1e4ba05	Duration: 1.05 ms	Billed Duration: 2 ms	Memory Size: 128 MB	Max Memory Used: 128 MB
2025-10-24 15:34:35 [1761337798751] START RequestId: b145b6c3-f4e9-42f3-b95b-0bb52739c55f Version: $LATEST
2025-10-24 15:34:35 [1761337798751] [INFO]	2025-10-24T20:29:58.744Z	b145b6c3-f4e9-42f3-b95b-0bb52739c55f	Received event: {"test": true}
2025-10-24 15:34:35 [1761337798751] END RequestId: b145b6c3-f4e9-42f3-b95b-0bb52739c55f
2025-10-24 15:34:35 [1761337798751] REPORT RequestId: b145b6c3-f4e9-42f3-b95b-0bb52739c55f	Duration: 0.92 ms	Billed Duration: 1 ms	Memory Size: 128 MB	Max Memory Used: 128 MB
2025-10-24 15:34:35 [1761337798770] START RequestId: 18e18cce-e21c-4f23-9d95-0b6521ebed78 Version: $LATEST
2025-10-24 15:34:35 [1761337798770] [INFO]	2025-10-24T20:29:58.764Z	18e18cce-e21c-4f23-9d95-0b6521ebed78	Received event: {"test": true}
2025-10-24 15:34:35 [1761337798770] END RequestId: 18e18cce-e21c-4f23-9d95-0b6521ebed78
2025-10-24 15:34:35 [1761337798770] REPORT RequestId: 18e18cce-e21c-4f23-9d95-0b6521ebed78	Duration: 1.33 ms	Billed Duration: 2 ms	Memory Size: 128 MB	Max Memory Used: 128 MB
2025-10-24 15:34:35 [1761337810297] START RequestId: 2d8e71e2-b8be-4c1e-b451-87464c99807f Version: $LATEST
2025-10-24 15:34:35 [1761337810297] [INFO]	2025-10-24T20:30:10.293Z	2d8e71e2-b8be-4c1e-b451-87464c99807f	Received event: {"name": "Smoke"}
2025-10-24 15:34:35 [1761337810297] END RequestId: 2d8e71e2-b8be-4c1e-b451-87464c99807f
2025-10-24 15:34:35 [1761337810297] REPORT RequestId: 2d8e71e2-b8be-4c1e-b451-87464c99807f	Duration: 1.13 ms	Billed Duration: 2 ms	Memory Size: 128 MB	Max Memory Used: 128 MB
2025-10-24 15:34:35 [1761338069440] [INFO]	2025-10-24T20:34:29.358Z		Found credentials in environment variables.
2025-10-24 15:34:35 [1761338069440] [INFO]	2025-10-24T20:34:29.428Z		Found endpoint for s3 via: environment_global.
2025-10-24 15:34:35 [1761338069440] START RequestId: 48d51eea-f914-48c2-9f9a-bfd9d1f3661c Version: $LATEST
2025-10-24 15:34:35 [1761338069440] [INFO]	2025-10-24T20:34:29.436Z	48d51eea-f914-48c2-9f9a-bfd9d1f3661c	Received event: {"test": true}
2025-10-24 15:34:35 [1761338069440] END RequestId: 48d51eea-f914-48c2-9f9a-bfd9d1f3661c
2025-10-24 15:34:35 [1761338069440] REPORT RequestId: 48d51eea-f914-48c2-9f9a-bfd9d1f3661c	Duration: 1.28 ms	Billed Duration: 2 ms	Memory Size: 128 MB	Max Memory Used: 128 MB
2025-10-24 15:34:35 [1761338069476] START RequestId: a3c51159-7c1e-4b78-b2d9-e7850e913c5f Version: $LATEST
2025-10-24 15:34:35 [1761338069476] [INFO]	2025-10-24T20:34:29.462Z	a3c51159-7c1e-4b78-b2d9-e7850e913c5f	Received event: {"test": true}
2025-10-24 15:34:35 [1761338069476] END RequestId: a3c51159-7c1e-4b78-b2d9-e7850e913c5f
2025-10-24 15:34:35 [1761338069476] REPORT RequestId: a3c51159-7c1e-4b78-b2d9-e7850e913c5f	Duration: 1.07 ms	Billed Duration: 2 ms	Memory Size: 128 MB	Max Memory Used: 128 MB
2025-10-24 15:34:35 [1761338069488] START RequestId: b3fe3f26-cc9d-45e7-9a2f-341a9985eec6 Version: $LATEST
2025-10-24 15:34:35 [1761338069488] [INFO]	2025-10-24T20:34:29.483Z	b3fe3f26-cc9d-45e7-9a2f-341a9985eec6	Received event: {"test": true}
2025-10-24 15:34:35 [1761338069488] END RequestId: b3fe3f26-cc9d-45e7-9a2f-341a9985eec6
2025-10-24 15:34:35 [1761338069488] REPORT RequestId: b3fe3f26-cc9d-45e7-9a2f-341a9985eec6	Duration: 0.90 ms	Billed Duration: 1 ms	Memory Size: 128 MB	Max Memory Used: 128 MB
2025-10-24 15:34:41 [1761338069440] [INFO]	2025-10-24T20:34:29.358Z		Found credentials in environment variables.
2025-10-24 15:34:41 [1761338069440] [INFO]	2025-10-24T20:34:29.428Z		Found endpoint for s3 via: environment_global.
2025-10-24 15:34:41 [1761338069440] START RequestId: 48d51eea-f914-48c2-9f9a-bfd9d1f3661c Version: $LATEST
2025-10-24 15:34:41 [1761338069440] [INFO]	2025-10-24T20:34:29.436Z	48d51eea-f914-48c2-9f9a-bfd9d1f3661c	Received event: {"test": true}
2025-10-24 15:34:41 [1761338069440] END RequestId: 48d51eea-f914-48c2-9f9a-bfd9d1f3661c
2025-10-24 15:34:41 [1761338069440] REPORT RequestId: 48d51eea-f914-48c2-9f9a-bfd9d1f3661c	Duration: 1.28 ms	Billed Duration: 2 ms	Memory Size: 128 MB	Max Memory Used: 128 MB
2025-10-24 15:34:41 [1761338069476] START RequestId: a3c51159-7c1e-4b78-b2d9-e7850e913c5f Version: $LATEST
2025-10-24 15:34:41 [1761338069476] [INFO]	2025-10-24T20:34:29.462Z	a3c51159-7c1e-4b78-b2d9-e7850e913c5f	Received event: {"test": true}
2025-10-24 15:34:41 [1761338069476] END RequestId: a3c51159-7c1e-4b78-b2d9-e7850e913c5f
2025-10-24 15:34:41 [1761338069476] REPORT RequestId: a3c51159-7c1e-4b78-b2d9-e7850e913c5f	Duration: 1.07 ms	Billed Duration: 2 ms	Memory Size: 128 MB	Max Memory Used: 128 MB
2025-10-24 15:34:41 [1761338069488] START RequestId: b3fe3f26-cc9d-45e7-9a2f-341a9985eec6 Version: $LATEST
2025-10-24 15:34:41 [1761338069488] [INFO]	2025-10-24T20:34:29.483Z	b3fe3f26-cc9d-45e7-9a2f-341a9985eec6	Received event: {"test": true}
2025-10-24 15:34:41 [1761338069488] END RequestId: b3fe3f26-cc9d-45e7-9a2f-341a9985eec6
2025-10-24 15:34:41 [1761338069488] REPORT RequestId: b3fe3f26-cc9d-45e7-9a2f-341a9985eec6	Duration: 0.90 ms	Billed Duration: 1 ms	Memory Size: 128 MB	Max Memory Used: 128 MB
2025-10-24 15:34:41 [1761338081156] START RequestId: 6c41c30f-f6ac-4074-82c8-00a71090c93a Version: $LATEST
2025-10-24 15:34:41 [1761338081156] [INFO]	2025-10-24T20:34:41.152Z	6c41c30f-f6ac-4074-82c8-00a71090c93a	Received event: {"name": "Smoke"}
2025-10-24 15:34:41 [1761338081156] END RequestId: 6c41c30f-f6ac-4074-82c8-00a71090c93a
2025-10-24 15:34:41 [1761338081156] REPORT RequestId: 6c41c30f-f6ac-4074-82c8-00a71090c93a	Duration: 1.07 ms	Billed Duration: 2 ms	Memory Size: 128 MB	Max Memory Used: 128 MB
2025-10-24 15:39:53 [1761338388171] [INFO]	2025-10-24T20:39:48.089Z		Found credentials in environment variables.
2025-10-24 15:39:53 [1761338388171] [INFO]	2025-10-24T20:39:48.161Z		Found endpoint for s3 via: environment_global.
2025-10-24 15:39:53 [1761338388171] START RequestId: 6b7a4b23-e3f3-44c9-a52a-bfcf23b824c7 Version: $LATEST
2025-10-24 15:39:53 [1761338388171] [INFO]	2025-10-24T20:39:48.168Z	6b7a4b23-e3f3-44c9-a52a-bfcf23b824c7	Received event: {"test": true}
2025-10-24 15:39:53 [1761338388171] END RequestId: 6b7a4b23-e3f3-44c9-a52a-bfcf23b824c7
2025-10-24 15:39:53 [1761338388171] REPORT RequestId: 6b7a4b23-e3f3-44c9-a52a-bfcf23b824c7	Duration: 1.16 ms	Billed Duration: 2 ms	Memory Size: 128 MB	Max Memory Used: 128 MB
2025-10-24 15:39:53 [1761338388208] START RequestId: b135a153-1017-44d2-8f69-4a1aca39088a Version: $LATEST
2025-10-24 15:39:53 [1761338388208] [INFO]	2025-10-24T20:39:48.185Z	b135a153-1017-44d2-8f69-4a1aca39088a	Received event: {"test": true}
2025-10-24 15:39:53 [1761338388208] END RequestId: b135a153-1017-44d2-8f69-4a1aca39088a
2025-10-24 15:39:53 [1761338388208] REPORT RequestId: b135a153-1017-44d2-8f69-4a1aca39088a	Duration: 1.10 ms	Billed Duration: 2 ms	Memory Size: 128 MB	Max Memory Used: 128 MB
2025-10-24 15:39:53 [1761338388218] START RequestId: 2c18e87b-45e8-4ff2-8fb7-1fa1172db8ba Version: $LATEST
2025-10-24 15:39:53 [1761338388218] [INFO]	2025-10-24T20:39:48.215Z	2c18e87b-45e8-4ff2-8fb7-1fa1172db8ba	Received event: {"test": true}
2025-10-24 15:39:53 [1761338388218] END RequestId: 2c18e87b-45e8-4ff2-8fb7-1fa1172db8ba
2025-10-24 15:39:53 [1761338388218] REPORT RequestId: 2c18e87b-45e8-4ff2-8fb7-1fa1172db8ba	Duration: 0.86 ms	Billed Duration: 1 ms	Memory Size: 128 MB	Max Memory Used: 128 MB
2025-10-24 15:39:58 [1761338388171] [INFO]	2025-10-24T20:39:48.089Z		Found credentials in environment variables.
2025-10-24 15:39:58 [1761338388171] [INFO]	2025-10-24T20:39:48.161Z		Found endpoint for s3 via: environment_global.
2025-10-24 15:39:58 [1761338388171] START RequestId: 6b7a4b23-e3f3-44c9-a52a-bfcf23b824c7 Version: $LATEST
2025-10-24 15:39:58 [1761338388171] [INFO]	2025-10-24T20:39:48.168Z	6b7a4b23-e3f3-44c9-a52a-bfcf23b824c7	Received event: {"test": true}
2025-10-24 15:39:58 [1761338388171] END RequestId: 6b7a4b23-e3f3-44c9-a52a-bfcf23b824c7
2025-10-24 15:39:58 [1761338388171] REPORT RequestId: 6b7a4b23-e3f3-44c9-a52a-bfcf23b824c7	Duration: 1.16 ms	Billed Duration: 2 ms	Memory Size: 128 MB	Max Memory Used: 128 MB
2025-10-24 15:39:58 [1761338388208] START RequestId: b135a153-1017-44d2-8f69-4a1aca39088a Version: $LATEST
2025-10-24 15:39:58 [1761338388208] [INFO]	2025-10-24T20:39:48.185Z	b135a153-1017-44d2-8f69-4a1aca39088a	Received event: {"test": true}
2025-10-24 15:39:58 [1761338388208] END RequestId: b135a153-1017-44d2-8f69-4a1aca39088a
2025-10-24 15:39:58 [1761338388208] REPORT RequestId: b135a153-1017-44d2-8f69-4a1aca39088a	Duration: 1.10 ms	Billed Duration: 2 ms	Memory Size: 128 MB	Max Memory Used: 128 MB
2025-10-24 15:39:58 [1761338388218] START RequestId: 2c18e87b-45e8-4ff2-8fb7-1fa1172db8ba Version: $LATEST
2025-10-24 15:39:58 [1761338388218] [INFO]	2025-10-24T20:39:48.215Z	2c18e87b-45e8-4ff2-8fb7-1fa1172db8ba	Received event: {"test": true}
2025-10-24 15:39:58 [1761338388218] END RequestId: 2c18e87b-45e8-4ff2-8fb7-1fa1172db8ba
2025-10-24 15:39:58 [1761338388218] REPORT RequestId: 2c18e87b-45e8-4ff2-8fb7-1fa1172db8ba	Duration: 0.86 ms	Billed Duration: 1 ms	Memory Size: 128 MB	Max Memory Used: 128 MB
2025-10-24 15:39:58 [1761338398634] START RequestId: f8cb91e1-225e-4f8d-a901-3418f8aa5b41 Version: $LATEST
2025-10-24 15:39:58 [1761338398634] [INFO]	2025-10-24T20:39:58.630Z	f8cb91e1-225e-4f8d-a901-3418f8aa5b41	Received event: {"name": "Smoke"}
2025-10-24 15:39:58 [1761338398634] END RequestId: f8cb91e1-225e-4f8d-a901-3418f8aa5b41
2025-10-24 15:39:58 [1761338398634] REPORT RequestId: f8cb91e1-225e-4f8d-a901-3418f8aa5b41	Duration: 1.26 ms	Billed Duration: 2 ms	Memory Size: 128 MB	Max Memory Used: 128 MB
